# JRE version: Java(TM) SE Runtime Environment (15.0.2+7) (build 15.0.2+7-27)
# Java VM: Java HotSpot(TM) 64-Bit Server VM (15.0.2+7-27, mixed mode, sharing, tiered, compressed oops, g1 gc, windows-amd64)
GC Precious Log:
 CPUs: 8 total, 8 available
 Memory: 16049M
 Large Page Support: Disabled
 NUMA Support: Disabled
 Compressed Oops: Enabled (Zero based)
 Heap Region Size: 2M
 Heap Min Capacity: 8M
 Heap Initial Capacity: 252M
 Heap Max Capacity: 4014M
 Pre-touch: Disabled
 Parallel Workers: 8
 Concurrent Workers: 2
 Concurrent Refinement Workers: 8
 Periodic GC: Disabled
Heap:
 garbage-first heap   total 1120256K, used 691182K [0x0000000705200000, 0x0000000800000000)
  region size 2048K, 15 young (30720K), 1 survivors (2048K)
 Metaspace       used 6862K, capacity 7010K, committed 7296K, reserved 1056768K
  class space    used 545K, capacity 601K, committed 640K, reserved 1048576K
GC Heap History (20 events):
Event: 71.992 GC heap before
{Heap before GC invocations=77 (full 0):
 garbage-first heap   total 1120256K, used 1002478K [0x0000000705200000, 0x0000000800000000)
  region size 2048K, 166 young (339968K), 1 survivors (2048K)
 Metaspace       used 6854K, capacity 7010K, committed 7296K, reserved 1056768K
  class space    used 544K, capacity 601K, committed 640K, reserved 1048576K
}
Event: 71.993 GC heap after
{Heap after GC invocations=78 (full 0):
 garbage-first heap   total 1120256K, used 664558K [0x0000000705200000, 0x0000000800000000)
  region size 2048K, 1 young (2048K), 1 survivors (2048K)
 Metaspace       used 6854K, capacity 7010K, committed 7296K, reserved 1056768K
  class space    used 544K, capacity 601K, committed 640K, reserved 1048576K
}
Event: 74.569 GC heap before
{Heap before GC invocations=79 (full 0):
 garbage-first heap   total 1120256K, used 1002478K [0x0000000705200000, 0x0000000800000000)
  region size 2048K, 166 young (339968K), 1 survivors (2048K)
 Metaspace       used 6855K, capacity 7010K, committed 7296K, reserved 1056768K
  class space    used 544K, capacity 601K, committed 640K, reserved 1048576K
}
Event: 74.570 GC heap after
{Heap after GC invocations=80 (full 0):
 garbage-first heap   total 1120256K, used 664554K [0x0000000705200000, 0x0000000800000000)
  region size 2048K, 1 young (2048K), 1 survivors (2048K)
 Metaspace       used 6855K, capacity 7010K, committed 7296K, reserved 1056768K
  class space    used 544K, capacity 601K, committed 640K, reserved 1048576K
}
Event: 77.079 GC heap before
{Heap before GC invocations=80 (full 0):
 garbage-first heap   total 1120256K, used 1002474K [0x0000000705200000, 0x0000000800000000)
  region size 2048K, 166 young (339968K), 1 survivors (2048K)
 Metaspace       used 6857K, capacity 7010K, committed 7296K, reserved 1056768K
  class space    used 544K, capacity 601K, committed 640K, reserved 1048576K
}
Event: 77.079 GC heap after
{Heap after GC invocations=81 (full 0):
 garbage-first heap   total 1120256K, used 664558K [0x0000000705200000, 0x0000000800000000)
  region size 2048K, 1 young (2048K), 1 survivors (2048K)
 Metaspace       used 6857K, capacity 7010K, committed 7296K, reserved 1056768K
  class space    used 544K, capacity 601K, committed 640K, reserved 1048576K
}
Event: 79.607 GC heap before
{Heap before GC invocations=82 (full 0):
 garbage-first heap   total 1120256K, used 1002478K [0x0000000705200000, 0x0000000800000000)
  region size 2048K, 166 young (339968K), 1 survivors (2048K)
 Metaspace       used 6857K, capacity 7010K, committed 7296K, reserved 1056768K
  class space    used 544K, capacity 601K, committed 640K, reserved 1048576K
}
Event: 79.608 GC heap after
{Heap after GC invocations=83 (full 0):
 garbage-first heap   total 1120256K, used 664556K [0x0000000705200000, 0x0000000800000000)
  region size 2048K, 1 young (2048K), 1 survivors (2048K)
 Metaspace       used 6857K, capacity 7010K, committed 7296K, reserved 1056768K
  class space    used 544K, capacity 601K, committed 640K, reserved 1048576K
}
Event: 82.092 GC heap before
{Heap before GC invocations=83 (full 0):
 garbage-first heap   total 1120256K, used 1002476K [0x0000000705200000, 0x0000000800000000)
  region size 2048K, 166 young (339968K), 1 survivors (2048K)
 Metaspace       used 6857K, capacity 7010K, committed 7296K, reserved 1056768K
  class space    used 544K, capacity 601K, committed 640K, reserved 1048576K
}
Event: 82.093 GC heap after
{Heap after GC invocations=84 (full 0):
 garbage-first heap   total 1120256K, used 664556K [0x0000000705200000, 0x0000000800000000)
  region size 2048K, 1 young (2048K), 1 survivors (2048K)
 Metaspace       used 6857K, capacity 7010K, committed 7296K, reserved 1056768K
  class space    used 544K, capacity 601K, committed 640K, reserved 1048576K
}
Event: 84.570 GC heap before
{Heap before GC invocations=85 (full 0):
 garbage-first heap   total 1120256K, used 1002476K [0x0000000705200000, 0x0000000800000000)
  region size 2048K, 166 young (339968K), 1 survivors (2048K)
 Metaspace       used 6857K, capacity 7010K, committed 7296K, reserved 1056768K
  class space    used 544K, capacity 601K, committed 640K, reserved 1048576K
}
Event: 84.571 GC heap after
{Heap after GC invocations=86 (full 0):
 garbage-first heap   total 1120256K, used 664558K [0x0000000705200000, 0x0000000800000000)
  region size 2048K, 1 young (2048K), 1 survivors (2048K)
 Metaspace       used 6857K, capacity 7010K, committed 7296K, reserved 1056768K
  class space    used 544K, capacity 601K, committed 640K, reserved 1048576K
}
Event: 87.469 GC heap before
{Heap before GC invocations=86 (full 0):
 garbage-first heap   total 1120256K, used 1002478K [0x0000000705200000, 0x0000000800000000)
  region size 2048K, 166 young (339968K), 1 survivors (2048K)
 Metaspace       used 6857K, capacity 7010K, committed 7296K, reserved 1056768K
  class space    used 544K, capacity 601K, committed 640K, reserved 1048576K
}
Event: 87.469 GC heap after
{Heap after GC invocations=87 (full 0):
 garbage-first heap   total 1120256K, used 664558K [0x0000000705200000, 0x0000000800000000)
  region size 2048K, 1 young (2048K), 1 survivors (2048K)
 Metaspace       used 6857K, capacity 7010K, committed 7296K, reserved 1056768K
  class space    used 544K, capacity 601K, committed 640K, reserved 1048576K
}
Event: 89.881 GC heap before
{Heap before GC invocations=88 (full 0):
 garbage-first heap   total 1120256K, used 1002478K [0x0000000705200000, 0x0000000800000000)
  region size 2048K, 166 young (339968K), 1 survivors (2048K)
 Metaspace       used 6858K, capacity 7010K, committed 7296K, reserved 1056768K
  class space    used 544K, capacity 601K, committed 640K, reserved 1048576K
}
Event: 89.882 GC heap after
{Heap after GC invocations=89 (full 0):
 garbage-first heap   total 1120256K, used 664558K [0x0000000705200000, 0x0000000800000000)
  region size 2048K, 1 young (2048K), 1 survivors (2048K)
 Metaspace       used 6858K, capacity 7010K, committed 7296K, reserved 1056768K
  class space    used 544K, capacity 601K, committed 640K, reserved 1048576K
}
Event: 92.615 GC heap before
{Heap before GC invocations=89 (full 0):
 garbage-first heap   total 1120256K, used 1002478K [0x0000000705200000, 0x0000000800000000)
  region size 2048K, 166 young (339968K), 1 survivors (2048K)
 Metaspace       used 6858K, capacity 7010K, committed 7296K, reserved 1056768K
  class space    used 544K, capacity 601K, committed 640K, reserved 1048576K
}
Event: 92.616 GC heap after
{Heap after GC invocations=90 (full 0):
 garbage-first heap   total 1120256K, used 664556K [0x0000000705200000, 0x0000000800000000)
  region size 2048K, 1 young (2048K), 1 survivors (2048K)
 Metaspace       used 6858K, capacity 7010K, committed 7296K, reserved 1056768K
  class space    used 544K, capacity 601K, committed 640K, reserved 1048576K
}
Event: 95.231 GC heap before
{Heap before GC invocations=91 (full 0):
 garbage-first heap   total 1120256K, used 1002476K [0x0000000705200000, 0x0000000800000000)
  region size 2048K, 166 young (339968K), 1 survivors (2048K)
 Metaspace       used 6858K, capacity 7010K, committed 7296K, reserved 1056768K
  class space    used 544K, capacity 601K, committed 640K, reserved 1048576K
}
Event: 95.232 GC heap after
{Heap after GC invocations=92 (full 0):
 garbage-first heap   total 1120256K, used 664558K [0x0000000705200000, 0x0000000800000000)
  region size 2048K, 1 young (2048K), 1 survivors (2048K)
 Metaspace       used 6858K, capacity 7010K, committed 7296K, reserved 1056768K
  class space    used 544K, capacity 601K, committed 640K, reserved 1048576K
}

