# JRE version: Java(TM) SE Runtime Environment (15.0.2+7) (build 15.0.2+7-27)
# Java VM: Java HotSpot(TM) 64-Bit Server VM (15.0.2+7-27, mixed mode, sharing, tiered, compressed oops, g1 gc, windows-amd64)
GC Precious Log:
 CPUs: 8 total, 8 available
 Memory: 16049M
 Large Page Support: Disabled
 NUMA Support: Disabled
 Compressed Oops: Enabled (Zero based)
 Heap Region Size: 2M
 Heap Min Capacity: 8M
 Heap Initial Capacity: 252M
 Heap Max Capacity: 4014M
 Pre-touch: Disabled
 Parallel Workers: 8
 Concurrent Workers: 2
 Concurrent Refinement Workers: 8
 Periodic GC: Disabled
Heap:
 garbage-first heap   total 1103872K, used 896070K [0x0000000705200000, 0x0000000800000000)
  region size 2048K, 119 young (243712K), 1 survivors (2048K)
 Metaspace       used 6714K, capacity 6830K, committed 7040K, reserved 1056768K
  class space    used 521K, capacity 560K, committed 640K, reserved 1048576K
GC Heap History (20 events):
Event: 49.830 GC heap before
{Heap before GC invocations=62 (full 0):
 garbage-first heap   total 1103872K, used 988225K [0x0000000705200000, 0x0000000800000000)
  region size 2048K, 163 young (333824K), 1 survivors (2048K)
 Metaspace       used 6710K, capacity 6830K, committed 7040K, reserved 1056768K
  class space    used 520K, capacity 560K, committed 640K, reserved 1048576K
}
Event: 49.831 GC heap after
{Heap after GC invocations=63 (full 0):
 garbage-first heap   total 1103872K, used 656430K [0x0000000705200000, 0x0000000800000000)
  region size 2048K, 1 young (2048K), 1 survivors (2048K)
 Metaspace       used 6710K, capacity 6830K, committed 7040K, reserved 1056768K
  class space    used 520K, capacity 560K, committed 640K, reserved 1048576K
}
Event: 52.113 GC heap before
{Heap before GC invocations=64 (full 0):
 garbage-first heap   total 1103872K, used 988206K [0x0000000705200000, 0x0000000800000000)
  region size 2048K, 163 young (333824K), 1 survivors (2048K)
 Metaspace       used 6710K, capacity 6830K, committed 7040K, reserved 1056768K
  class space    used 520K, capacity 560K, committed 640K, reserved 1048576K
}
Event: 52.114 GC heap after
{Heap after GC invocations=65 (full 0):
 garbage-first heap   total 1103872K, used 656453K [0x0000000705200000, 0x0000000800000000)
  region size 2048K, 1 young (2048K), 1 survivors (2048K)
 Metaspace       used 6710K, capacity 6830K, committed 7040K, reserved 1056768K
  class space    used 520K, capacity 560K, committed 640K, reserved 1048576K
}
Event: 54.430 GC heap before
{Heap before GC invocations=65 (full 0):
 garbage-first heap   total 1103872K, used 988229K [0x0000000705200000, 0x0000000800000000)
  region size 2048K, 163 young (333824K), 1 survivors (2048K)
 Metaspace       used 6710K, capacity 6830K, committed 7040K, reserved 1056768K
  class space    used 520K, capacity 560K, committed 640K, reserved 1048576K
}
Event: 54.431 GC heap after
{Heap after GC invocations=66 (full 0):
 garbage-first heap   total 1103872K, used 656450K [0x0000000705200000, 0x0000000800000000)
  region size 2048K, 1 young (2048K), 1 survivors (2048K)
 Metaspace       used 6710K, capacity 6830K, committed 7040K, reserved 1056768K
  class space    used 520K, capacity 560K, committed 640K, reserved 1048576K
}
Event: 56.747 GC heap before
{Heap before GC invocations=67 (full 0):
 garbage-first heap   total 1103872K, used 988226K [0x0000000705200000, 0x0000000800000000)
  region size 2048K, 163 young (333824K), 1 survivors (2048K)
 Metaspace       used 6710K, capacity 6830K, committed 7040K, reserved 1056768K
  class space    used 520K, capacity 560K, committed 640K, reserved 1048576K
}
Event: 56.748 GC heap after
{Heap after GC invocations=68 (full 0):
 garbage-first heap   total 1103872K, used 656454K [0x0000000705200000, 0x0000000800000000)
  region size 2048K, 1 young (2048K), 1 survivors (2048K)
 Metaspace       used 6710K, capacity 6830K, committed 7040K, reserved 1056768K
  class space    used 520K, capacity 560K, committed 640K, reserved 1048576K
}
Event: 59.461 GC heap before
{Heap before GC invocations=68 (full 0):
 garbage-first heap   total 1103872K, used 988230K [0x0000000705200000, 0x0000000800000000)
  region size 2048K, 163 young (333824K), 1 survivors (2048K)
 Metaspace       used 6710K, capacity 6830K, committed 7040K, reserved 1056768K
  class space    used 520K, capacity 560K, committed 640K, reserved 1048576K
}
Event: 59.463 GC heap after
{Heap after GC invocations=69 (full 0):
 garbage-first heap   total 1103872K, used 656454K [0x0000000705200000, 0x0000000800000000)
  region size 2048K, 1 young (2048K), 1 survivors (2048K)
 Metaspace       used 6710K, capacity 6830K, committed 7040K, reserved 1056768K
  class space    used 520K, capacity 560K, committed 640K, reserved 1048576K
}
Event: 61.854 GC heap before
{Heap before GC invocations=70 (full 0):
 garbage-first heap   total 1103872K, used 988230K [0x0000000705200000, 0x0000000800000000)
  region size 2048K, 163 young (333824K), 1 survivors (2048K)
 Metaspace       used 6710K, capacity 6830K, committed 7040K, reserved 1056768K
  class space    used 520K, capacity 560K, committed 640K, reserved 1048576K
}
Event: 61.856 GC heap after
{Heap after GC invocations=71 (full 0):
 garbage-first heap   total 1103872K, used 656456K [0x0000000705200000, 0x0000000800000000)
  region size 2048K, 1 young (2048K), 1 survivors (2048K)
 Metaspace       used 6710K, capacity 6830K, committed 7040K, reserved 1056768K
  class space    used 520K, capacity 560K, committed 640K, reserved 1048576K
}
Event: 64.858 GC heap before
{Heap before GC invocations=71 (full 0):
 garbage-first heap   total 1103872K, used 988232K [0x0000000705200000, 0x0000000800000000)
  region size 2048K, 163 young (333824K), 1 survivors (2048K)
 Metaspace       used 6710K, capacity 6830K, committed 7040K, reserved 1056768K
  class space    used 520K, capacity 560K, committed 640K, reserved 1048576K
}
Event: 64.860 GC heap after
{Heap after GC invocations=72 (full 0):
 garbage-first heap   total 1103872K, used 656452K [0x0000000705200000, 0x0000000800000000)
  region size 2048K, 1 young (2048K), 1 survivors (2048K)
 Metaspace       used 6710K, capacity 6830K, committed 7040K, reserved 1056768K
  class space    used 520K, capacity 560K, committed 640K, reserved 1048576K
}
Event: 67.206 GC heap before
{Heap before GC invocations=73 (full 0):
 garbage-first heap   total 1103872K, used 988228K [0x0000000705200000, 0x0000000800000000)
  region size 2048K, 163 young (333824K), 1 survivors (2048K)
 Metaspace       used 6710K, capacity 6830K, committed 7040K, reserved 1056768K
  class space    used 520K, capacity 560K, committed 640K, reserved 1048576K
}
Event: 67.207 GC heap after
{Heap after GC invocations=74 (full 0):
 garbage-first heap   total 1103872K, used 656456K [0x0000000705200000, 0x0000000800000000)
  region size 2048K, 1 young (2048K), 1 survivors (2048K)
 Metaspace       used 6710K, capacity 6830K, committed 7040K, reserved 1056768K
  class space    used 520K, capacity 560K, committed 640K, reserved 1048576K
}
Event: 69.588 GC heap before
{Heap before GC invocations=74 (full 0):
 garbage-first heap   total 1103872K, used 988232K [0x0000000705200000, 0x0000000800000000)
  region size 2048K, 163 young (333824K), 1 survivors (2048K)
 Metaspace       used 6710K, capacity 6830K, committed 7040K, reserved 1056768K
  class space    used 520K, capacity 560K, committed 640K, reserved 1048576K
}
Event: 69.589 GC heap after
{Heap after GC invocations=75 (full 0):
 garbage-first heap   total 1103872K, used 656454K [0x0000000705200000, 0x0000000800000000)
  region size 2048K, 1 young (2048K), 1 survivors (2048K)
 Metaspace       used 6710K, capacity 6830K, committed 7040K, reserved 1056768K
  class space    used 520K, capacity 560K, committed 640K, reserved 1048576K
}
Event: 71.981 GC heap before
{Heap before GC invocations=76 (full 0):
 garbage-first heap   total 1103872K, used 988230K [0x0000000705200000, 0x0000000800000000)
  region size 2048K, 163 young (333824K), 1 survivors (2048K)
 Metaspace       used 6710K, capacity 6830K, committed 7040K, reserved 1056768K
  class space    used 520K, capacity 560K, committed 640K, reserved 1048576K
}
Event: 71.983 GC heap after
{Heap after GC invocations=77 (full 0):
 garbage-first heap   total 1103872K, used 656454K [0x0000000705200000, 0x0000000800000000)
  region size 2048K, 1 young (2048K), 1 survivors (2048K)
 Metaspace       used 6710K, capacity 6830K, committed 7040K, reserved 1056768K
  class space    used 520K, capacity 560K, committed 640K, reserved 1048576K
}

