# JRE version: Java(TM) SE Runtime Environment (15.0.2+7) (build 15.0.2+7-27)
# Java VM: Java HotSpot(TM) 64-Bit Server VM (15.0.2+7-27, mixed mode, sharing, tiered, compressed oops, g1 gc, windows-amd64)
GC Precious Log:
 CPUs: 8 total, 8 available
 Memory: 16049M
 Large Page Support: Disabled
 NUMA Support: Disabled
 Compressed Oops: Enabled (Zero based)
 Heap Region Size: 2M
 Heap Min Capacity: 8M
 Heap Initial Capacity: 252M
 Heap Max Capacity: 4014M
 Pre-touch: Disabled
 Parallel Workers: 8
 Concurrent Workers: 2
 Concurrent Refinement Workers: 8
 Periodic GC: Disabled
Heap:
 garbage-first heap   total 1103872K, used 670138K [0x0000000705200000, 0x0000000800000000)
  region size 2048K, 9 young (18432K), 1 survivors (2048K)
 Metaspace       used 7707K, capacity 7891K, committed 8192K, reserved 1056768K
  class space    used 625K, capacity 702K, committed 768K, reserved 1048576K
GC Heap History (20 events):
Event: 26.038 GC heap before
{Heap before GC invocations=80 (full 0):
 garbage-first heap   total 1103872K, used 983405K [0x0000000705200000, 0x0000000800000000)
  region size 2048K, 162 young (331776K), 2 survivors (4096K)
 Metaspace       used 7657K, capacity 7885K, committed 8192K, reserved 1056768K
  class space    used 623K, capacity 702K, committed 768K, reserved 1048576K
}
Event: 26.040 GC heap after
{Heap after GC invocations=81 (full 0):
 garbage-first heap   total 1103872K, used 655667K [0x0000000705200000, 0x0000000800000000)
  region size 2048K, 2 young (4096K), 2 survivors (4096K)
 Metaspace       used 7657K, capacity 7885K, committed 8192K, reserved 1056768K
  class space    used 623K, capacity 702K, committed 768K, reserved 1048576K
}
Event: 26.847 GC heap before
{Heap before GC invocations=81 (full 0):
 garbage-first heap   total 1103872K, used 987443K [0x0000000705200000, 0x0000000800000000)
  region size 2048K, 164 young (335872K), 2 survivors (4096K)
 Metaspace       used 7657K, capacity 7885K, committed 8192K, reserved 1056768K
  class space    used 623K, capacity 702K, committed 768K, reserved 1048576K
}
Event: 26.848 GC heap after
{Heap after GC invocations=82 (full 0):
 garbage-first heap   total 1103872K, used 655734K [0x0000000705200000, 0x0000000800000000)
  region size 2048K, 2 young (4096K), 2 survivors (4096K)
 Metaspace       used 7657K, capacity 7885K, committed 8192K, reserved 1056768K
  class space    used 623K, capacity 702K, committed 768K, reserved 1048576K
}
Event: 27.671 GC heap before
{Heap before GC invocations=83 (full 0):
 garbage-first heap   total 1103872K, used 987510K [0x0000000705200000, 0x0000000800000000)
  region size 2048K, 164 young (335872K), 2 survivors (4096K)
 Metaspace       used 7657K, capacity 7885K, committed 8192K, reserved 1056768K
  class space    used 623K, capacity 702K, committed 768K, reserved 1048576K
}
Event: 27.673 GC heap after
{Heap after GC invocations=84 (full 0):
 garbage-first heap   total 1103872K, used 655852K [0x0000000705200000, 0x0000000800000000)
  region size 2048K, 2 young (4096K), 2 survivors (4096K)
 Metaspace       used 7657K, capacity 7885K, committed 8192K, reserved 1056768K
  class space    used 623K, capacity 702K, committed 768K, reserved 1048576K
}
Event: 28.506 GC heap before
{Heap before GC invocations=84 (full 0):
 garbage-first heap   total 1103872K, used 987628K [0x0000000705200000, 0x0000000800000000)
  region size 2048K, 164 young (335872K), 2 survivors (4096K)
 Metaspace       used 7657K, capacity 7885K, committed 8192K, reserved 1056768K
  class space    used 623K, capacity 702K, committed 768K, reserved 1048576K
}
Event: 28.508 GC heap after
{Heap after GC invocations=85 (full 0):
 garbage-first heap   total 1103872K, used 655680K [0x0000000705200000, 0x0000000800000000)
  region size 2048K, 2 young (4096K), 2 survivors (4096K)
 Metaspace       used 7657K, capacity 7885K, committed 8192K, reserved 1056768K
  class space    used 623K, capacity 702K, committed 768K, reserved 1048576K
}
Event: 29.305 GC heap before
{Heap before GC invocations=86 (full 0):
 garbage-first heap   total 1103872K, used 987456K [0x0000000705200000, 0x0000000800000000)
  region size 2048K, 164 young (335872K), 2 survivors (4096K)
 Metaspace       used 7657K, capacity 7885K, committed 8192K, reserved 1056768K
  class space    used 623K, capacity 702K, committed 768K, reserved 1048576K
}
Event: 29.307 GC heap after
{Heap after GC invocations=87 (full 0):
 garbage-first heap   total 1103872K, used 655738K [0x0000000705200000, 0x0000000800000000)
  region size 2048K, 2 young (4096K), 2 survivors (4096K)
 Metaspace       used 7657K, capacity 7885K, committed 8192K, reserved 1056768K
  class space    used 623K, capacity 702K, committed 768K, reserved 1048576K
}
Event: 30.084 GC heap before
{Heap before GC invocations=87 (full 0):
 garbage-first heap   total 1103872K, used 987514K [0x0000000705200000, 0x0000000800000000)
  region size 2048K, 164 young (335872K), 2 survivors (4096K)
 Metaspace       used 7657K, capacity 7885K, committed 8192K, reserved 1056768K
  class space    used 623K, capacity 702K, committed 768K, reserved 1048576K
}
Event: 30.086 GC heap after
{Heap after GC invocations=88 (full 0):
 garbage-first heap   total 1103872K, used 655778K [0x0000000705200000, 0x0000000800000000)
  region size 2048K, 2 young (4096K), 2 survivors (4096K)
 Metaspace       used 7657K, capacity 7885K, committed 8192K, reserved 1056768K
  class space    used 623K, capacity 702K, committed 768K, reserved 1048576K
}
Event: 31.177 GC heap before
{Heap before GC invocations=89 (full 0):
 garbage-first heap   total 1103872K, used 987554K [0x0000000705200000, 0x0000000800000000)
  region size 2048K, 164 young (335872K), 2 survivors (4096K)
 Metaspace       used 7695K, capacity 7891K, committed 8192K, reserved 1056768K
  class space    used 623K, capacity 702K, committed 768K, reserved 1048576K
}
Event: 31.179 GC heap after
{Heap after GC invocations=90 (full 0):
 garbage-first heap   total 1103872K, used 655787K [0x0000000705200000, 0x0000000800000000)
  region size 2048K, 2 young (4096K), 2 survivors (4096K)
 Metaspace       used 7695K, capacity 7891K, committed 8192K, reserved 1056768K
  class space    used 623K, capacity 702K, committed 768K, reserved 1048576K
}
Event: 32.319 GC heap before
{Heap before GC invocations=90 (full 0):
 garbage-first heap   total 1103872K, used 985515K [0x0000000705200000, 0x0000000800000000)
  region size 2048K, 163 young (333824K), 2 survivors (4096K)
 Metaspace       used 7695K, capacity 7891K, committed 8192K, reserved 1056768K
  class space    used 623K, capacity 702K, committed 768K, reserved 1048576K
}
Event: 32.321 GC heap after
{Heap after GC invocations=91 (full 0):
 garbage-first heap   total 1103872K, used 655758K [0x0000000705200000, 0x0000000800000000)
  region size 2048K, 1 young (2048K), 1 survivors (2048K)
 Metaspace       used 7695K, capacity 7891K, committed 8192K, reserved 1056768K
  class space    used 623K, capacity 702K, committed 768K, reserved 1048576K
}
Event: 33.469 GC heap before
{Heap before GC invocations=92 (full 0):
 garbage-first heap   total 1103872K, used 989582K [0x0000000705200000, 0x0000000800000000)
  region size 2048K, 164 young (335872K), 1 survivors (2048K)
 Metaspace       used 7695K, capacity 7891K, committed 8192K, reserved 1056768K
  class space    used 623K, capacity 702K, committed 768K, reserved 1048576K
}
Event: 33.471 GC heap after
{Heap after GC invocations=93 (full 0):
 garbage-first heap   total 1103872K, used 655792K [0x0000000705200000, 0x0000000800000000)
  region size 2048K, 1 young (2048K), 1 survivors (2048K)
 Metaspace       used 7695K, capacity 7891K, committed 8192K, reserved 1056768K
  class space    used 623K, capacity 702K, committed 768K, reserved 1048576K
}
Event: 34.601 GC heap before
{Heap before GC invocations=93 (full 0):
 garbage-first heap   total 1103872K, used 989616K [0x0000000705200000, 0x0000000800000000)
  region size 2048K, 164 young (335872K), 1 survivors (2048K)
 Metaspace       used 7696K, capacity 7891K, committed 8192K, reserved 1056768K
  class space    used 623K, capacity 702K, committed 768K, reserved 1048576K
}
Event: 34.602 GC heap after
{Heap after GC invocations=94 (full 0):
 garbage-first heap   total 1103872K, used 655802K [0x0000000705200000, 0x0000000800000000)
  region size 2048K, 1 young (2048K), 1 survivors (2048K)
 Metaspace       used 7696K, capacity 7891K, committed 8192K, reserved 1056768K
  class space    used 623K, capacity 702K, committed 768K, reserved 1048576K
}

