# JRE version: Java(TM) SE Runtime Environment (15.0.2+7) (build 15.0.2+7-27)
# Java VM: Java HotSpot(TM) 64-Bit Server VM (15.0.2+7-27, mixed mode, sharing, tiered, compressed oops, g1 gc, windows-amd64)
GC Precious Log:
 CPUs: 8 total, 8 available
 Memory: 16049M
 Large Page Support: Disabled
 NUMA Support: Disabled
 Compressed Oops: Enabled (Zero based)
 Heap Region Size: 2M
 Heap Min Capacity: 8M
 Heap Initial Capacity: 252M
 Heap Max Capacity: 4014M
 Pre-touch: Disabled
 Parallel Workers: 8
 Concurrent Workers: 2
 Concurrent Refinement Workers: 8
 Periodic GC: Disabled
Heap:
 garbage-first heap   total 1052672K, used 637358K [0x0000000705200000, 0x0000000800000000)
  region size 2048K, 7 young (14336K), 1 survivors (2048K)
 Metaspace       used 6622K, capacity 6814K, committed 7040K, reserved 1056768K
  class space    used 535K, capacity 600K, committed 640K, reserved 1048576K
GC Heap History (20 events):
Event: 1.496 GC heap before
{Heap before GC invocations=12 (full 0):
 garbage-first heap   total 270336K, used 166233K [0x0000000705200000, 0x0000000800000000)
  region size 2048K, 6 young (12288K), 2 survivors (4096K)
 Metaspace       used 6102K, capacity 6227K, committed 6528K, reserved 1056768K
  class space    used 492K, capacity 531K, committed 640K, reserved 1048576K
}
Event: 1.498 GC heap after
{Heap after GC invocations=13 (full 0):
 garbage-first heap   total 270336K, used 160085K [0x0000000705200000, 0x0000000800000000)
  region size 2048K, 2 young (4096K), 2 survivors (4096K)
 Metaspace       used 6102K, capacity 6227K, committed 6528K, reserved 1056768K
  class space    used 492K, capacity 531K, committed 640K, reserved 1048576K
}
Event: 1.535 GC heap before
{Heap before GC invocations=14 (full 0):
 garbage-first heap   total 286720K, used 174421K [0x0000000705200000, 0x0000000800000000)
  region size 2048K, 6 young (12288K), 2 survivors (4096K)
 Metaspace       used 6109K, capacity 6227K, committed 6528K, reserved 1056768K
  class space    used 492K, capacity 531K, committed 640K, reserved 1048576K
}
Event: 1.537 GC heap after
{Heap after GC invocations=15 (full 0):
 garbage-first heap   total 286720K, used 168350K [0x0000000705200000, 0x0000000800000000)
  region size 2048K, 2 young (4096K), 2 survivors (4096K)
 Metaspace       used 6109K, capacity 6227K, committed 6528K, reserved 1056768K
  class space    used 492K, capacity 531K, committed 640K, reserved 1048576K
}
Event: 1.566 GC heap before
{Heap before GC invocations=16 (full 0):
 garbage-first heap   total 296960K, used 182686K [0x0000000705200000, 0x0000000800000000)
  region size 2048K, 6 young (12288K), 2 survivors (4096K)
 Metaspace       used 6111K, capacity 6227K, committed 6528K, reserved 1056768K
  class space    used 492K, capacity 531K, committed 640K, reserved 1048576K
}
Event: 1.567 GC heap after
{Heap after GC invocations=17 (full 0):
 garbage-first heap   total 296960K, used 176472K [0x0000000705200000, 0x0000000800000000)
  region size 2048K, 2 young (4096K), 2 survivors (4096K)
 Metaspace       used 6111K, capacity 6227K, committed 6528K, reserved 1056768K
  class space    used 492K, capacity 531K, committed 640K, reserved 1048576K
}
Event: 1.612 GC heap before
{Heap before GC invocations=18 (full 0):
 garbage-first heap   total 311296K, used 190808K [0x0000000705200000, 0x0000000800000000)
  region size 2048K, 6 young (12288K), 2 survivors (4096K)
 Metaspace       used 6111K, capacity 6227K, committed 6528K, reserved 1056768K
  class space    used 492K, capacity 531K, committed 640K, reserved 1048576K
}
Event: 1.613 GC heap after
{Heap after GC invocations=19 (full 0):
 garbage-first heap   total 311296K, used 184612K [0x0000000705200000, 0x0000000800000000)
  region size 2048K, 2 young (4096K), 2 survivors (4096K)
 Metaspace       used 6111K, capacity 6227K, committed 6528K, reserved 1056768K
  class space    used 492K, capacity 531K, committed 640K, reserved 1048576K
}
Event: 1.647 GC heap before
{Heap before GC invocations=20 (full 0):
 garbage-first heap   total 325632K, used 198948K [0x0000000705200000, 0x0000000800000000)
  region size 2048K, 6 young (12288K), 2 survivors (4096K)
 Metaspace       used 6114K, capacity 6227K, committed 6528K, reserved 1056768K
  class space    used 492K, capacity 531K, committed 640K, reserved 1048576K
}
Event: 1.648 GC heap after
{Heap after GC invocations=21 (full 0):
 garbage-first heap   total 325632K, used 192918K [0x0000000705200000, 0x0000000800000000)
  region size 2048K, 2 young (4096K), 2 survivors (4096K)
 Metaspace       used 6114K, capacity 6227K, committed 6528K, reserved 1056768K
  class space    used 492K, capacity 531K, committed 640K, reserved 1048576K
}
Event: 1.780 GC heap before
{Heap before GC invocations=22 (full 0):
 garbage-first heap   total 337920K, used 209302K [0x0000000705200000, 0x0000000800000000)
  region size 2048K, 7 young (14336K), 2 survivors (4096K)
 Metaspace       used 6329K, capacity 6451K, committed 6784K, reserved 1056768K
  class space    used 518K, capacity 563K, committed 640K, reserved 1048576K
}
Event: 1.782 GC heap after
{Heap after GC invocations=23 (full 0):
 garbage-first heap   total 405504K, used 201171K [0x0000000705200000, 0x0000000800000000)
  region size 2048K, 2 young (4096K), 2 survivors (4096K)
 Metaspace       used 6329K, capacity 6451K, committed 6784K, reserved 1056768K
  class space    used 518K, capacity 563K, committed 640K, reserved 1048576K
}
Event: 2.193 GC heap before
{Heap before GC invocations=24 (full 0):
 garbage-first heap   total 512000K, used 412115K [0x0000000705200000, 0x0000000800000000)
  region size 2048K, 55 young (112640K), 2 survivors (4096K)
 Metaspace       used 6330K, capacity 6451K, committed 6784K, reserved 1056768K
  class space    used 518K, capacity 563K, committed 640K, reserved 1048576K
}
Event: 2.195 GC heap after
{Heap after GC invocations=25 (full 0):
 garbage-first heap   total 512000K, used 305565K [0x0000000705200000, 0x0000000800000000)
  region size 2048K, 2 young (4096K), 2 survivors (4096K)
 Metaspace       used 6330K, capacity 6451K, committed 6784K, reserved 1056768K
  class space    used 518K, capacity 563K, committed 640K, reserved 1048576K
}
Event: 2.609 GC heap before
{Heap before GC invocations=26 (full 0):
 garbage-first heap   total 686080K, used 516509K [0x0000000705200000, 0x0000000800000000)
  region size 2048K, 55 young (112640K), 2 survivors (4096K)
 Metaspace       used 6336K, capacity 6451K, committed 6784K, reserved 1056768K
  class space    used 518K, capacity 563K, committed 640K, reserved 1048576K
}
Event: 2.610 GC heap after
{Heap after GC invocations=27 (full 0):
 garbage-first heap   total 686080K, used 409970K [0x0000000705200000, 0x0000000800000000)
  region size 2048K, 2 young (4096K), 2 survivors (4096K)
 Metaspace       used 6336K, capacity 6451K, committed 6784K, reserved 1056768K
  class space    used 518K, capacity 563K, committed 640K, reserved 1048576K
}
Event: 3.056 GC heap before
{Heap before GC invocations=28 (full 0):
 garbage-first heap   total 860160K, used 620914K [0x0000000705200000, 0x0000000800000000)
  region size 2048K, 55 young (112640K), 2 survivors (4096K)
 Metaspace       used 6341K, capacity 6451K, committed 6784K, reserved 1056768K
  class space    used 518K, capacity 563K, committed 640K, reserved 1048576K
}
Event: 3.058 GC heap after
{Heap after GC invocations=29 (full 0):
 garbage-first heap   total 860160K, used 514497K [0x0000000705200000, 0x0000000800000000)
  region size 2048K, 1 young (2048K), 1 survivors (2048K)
 Metaspace       used 6341K, capacity 6451K, committed 6784K, reserved 1056768K
  class space    used 518K, capacity 563K, committed 640K, reserved 1048576K
}
Event: 3.452 GC heap before
{Heap before GC invocations=30 (full 0):
 garbage-first heap   total 1034240K, used 727489K [0x0000000705200000, 0x0000000800000000)
  region size 2048K, 55 young (112640K), 1 survivors (2048K)
 Metaspace       used 6401K, capacity 6579K, committed 6784K, reserved 1056768K
  class space    used 525K, capacity 563K, committed 640K, reserved 1048576K
}
Event: 3.453 GC heap after
{Heap after GC invocations=31 (full 0):
 garbage-first heap   total 1034240K, used 618926K [0x0000000705200000, 0x0000000800000000)
  region size 2048K, 1 young (2048K), 1 survivors (2048K)
 Metaspace       used 6401K, capacity 6579K, committed 6784K, reserved 1056768K
  class space    used 525K, capacity 563K, committed 640K, reserved 1048576K
}

