# JRE version: Java(TM) SE Runtime Environment (15.0.2+7) (build 15.0.2+7-27)
# Java VM: Java HotSpot(TM) 64-Bit Server VM (15.0.2+7-27, mixed mode, sharing, tiered, compressed oops, g1 gc, windows-amd64)
GC Precious Log:
 CPUs: 8 total, 8 available
 Memory: 16049M
 Large Page Support: Disabled
 NUMA Support: Disabled
 Compressed Oops: Enabled (Zero based)
 Heap Region Size: 2M
 Heap Min Capacity: 8M
 Heap Initial Capacity: 252M
 Heap Max Capacity: 4014M
 Pre-touch: Disabled
 Parallel Workers: 8
 Concurrent Workers: 2
 Concurrent Refinement Workers: 8
 Periodic GC: Disabled
Heap:
 garbage-first heap   total 374784K, used 208739K [0x0000000705200000, 0x0000000800000000)
  region size 2048K, 6 young (12288K), 1 survivors (2048K)
 Metaspace       used 6238K, capacity 6346K, committed 6528K, reserved 1056768K
  class space    used 525K, capacity 568K, committed 640K, reserved 1048576K
GC Heap History (20 events):
Event: 0.766 GC heap before
{Heap before GC invocations=2 (full 0):
 garbage-first heap   total 258048K, used 165809K [0x0000000705200000, 0x0000000800000000)
  region size 2048K, 25 young (51200K), 1 survivors (2048K)
 Metaspace       used 6089K, capacity 6282K, committed 6528K, reserved 1056768K
  class space    used 506K, capacity 568K, committed 640K, reserved 1048576K
}
Event: 0.768 GC heap after
{Heap after GC invocations=3 (full 0):
 garbage-first heap   total 258048K, used 118783K [0x0000000705200000, 0x0000000800000000)
  region size 2048K, 1 young (2048K), 1 survivors (2048K)
 Metaspace       used 6089K, capacity 6282K, committed 6528K, reserved 1056768K
  class space    used 506K, capacity 568K, committed 640K, reserved 1048576K
}
Event: 0.790 GC heap before
{Heap before GC invocations=4 (full 0):
 garbage-first heap   total 258048K, used 133119K [0x0000000705200000, 0x0000000800000000)
  region size 2048K, 5 young (10240K), 1 survivors (2048K)
 Metaspace       used 6090K, capacity 6282K, committed 6528K, reserved 1056768K
  class space    used 506K, capacity 568K, committed 640K, reserved 1048576K
}
Event: 0.793 GC heap after
{Heap after GC invocations=5 (full 0):
 garbage-first heap   total 258048K, used 126895K [0x0000000705200000, 0x0000000800000000)
  region size 2048K, 1 young (2048K), 1 survivors (2048K)
 Metaspace       used 6090K, capacity 6282K, committed 6528K, reserved 1056768K
  class space    used 506K, capacity 568K, committed 640K, reserved 1048576K
}
Event: 0.814 GC heap before
{Heap before GC invocations=6 (full 0):
 garbage-first heap   total 258048K, used 141231K [0x0000000705200000, 0x0000000800000000)
  region size 2048K, 5 young (10240K), 1 survivors (2048K)
 Metaspace       used 6091K, capacity 6282K, committed 6528K, reserved 1056768K
  class space    used 506K, capacity 568K, committed 640K, reserved 1048576K
}
Event: 0.817 GC heap after
{Heap after GC invocations=7 (full 0):
 garbage-first heap   total 258048K, used 134956K [0x0000000705200000, 0x0000000800000000)
  region size 2048K, 1 young (2048K), 1 survivors (2048K)
 Metaspace       used 6091K, capacity 6282K, committed 6528K, reserved 1056768K
  class space    used 506K, capacity 568K, committed 640K, reserved 1048576K
}
Event: 0.837 GC heap before
{Heap before GC invocations=8 (full 0):
 garbage-first heap   total 258048K, used 149292K [0x0000000705200000, 0x0000000800000000)
  region size 2048K, 5 young (10240K), 1 survivors (2048K)
 Metaspace       used 6092K, capacity 6282K, committed 6528K, reserved 1056768K
  class space    used 506K, capacity 568K, committed 640K, reserved 1048576K
}
Event: 0.840 GC heap after
{Heap after GC invocations=9 (full 0):
 garbage-first heap   total 258048K, used 143197K [0x0000000705200000, 0x0000000800000000)
  region size 2048K, 1 young (2048K), 1 survivors (2048K)
 Metaspace       used 6092K, capacity 6282K, committed 6528K, reserved 1056768K
  class space    used 506K, capacity 568K, committed 640K, reserved 1048576K
}
Event: 0.865 GC heap before
{Heap before GC invocations=10 (full 0):
 garbage-first heap   total 258048K, used 157533K [0x0000000705200000, 0x0000000800000000)
  region size 2048K, 5 young (10240K), 1 survivors (2048K)
 Metaspace       used 6093K, capacity 6282K, committed 6528K, reserved 1056768K
  class space    used 506K, capacity 568K, committed 640K, reserved 1048576K
}
Event: 0.867 GC heap after
{Heap after GC invocations=11 (full 0):
 garbage-first heap   total 311296K, used 151392K [0x0000000705200000, 0x0000000800000000)
  region size 2048K, 1 young (2048K), 1 survivors (2048K)
 Metaspace       used 6093K, capacity 6282K, committed 6528K, reserved 1056768K
  class space    used 506K, capacity 568K, committed 640K, reserved 1048576K
}
Event: 0.891 GC heap before
{Heap before GC invocations=12 (full 0):
 garbage-first heap   total 311296K, used 165728K [0x0000000705200000, 0x0000000800000000)
  region size 2048K, 5 young (10240K), 1 survivors (2048K)
 Metaspace       used 6099K, capacity 6282K, committed 6528K, reserved 1056768K
  class space    used 506K, capacity 568K, committed 640K, reserved 1048576K
}
Event: 0.893 GC heap after
{Heap after GC invocations=13 (full 0):
 garbage-first heap   total 311296K, used 159640K [0x0000000705200000, 0x0000000800000000)
  region size 2048K, 1 young (2048K), 1 survivors (2048K)
 Metaspace       used 6099K, capacity 6282K, committed 6528K, reserved 1056768K
  class space    used 506K, capacity 568K, committed 640K, reserved 1048576K
}
Event: 0.915 GC heap before
{Heap before GC invocations=14 (full 0):
 garbage-first heap   total 311296K, used 173976K [0x0000000705200000, 0x0000000800000000)
  region size 2048K, 5 young (10240K), 1 survivors (2048K)
 Metaspace       used 6102K, capacity 6282K, committed 6528K, reserved 1056768K
  class space    used 506K, capacity 568K, committed 640K, reserved 1048576K
}
Event: 0.918 GC heap after
{Heap after GC invocations=15 (full 0):
 garbage-first heap   total 311296K, used 167831K [0x0000000705200000, 0x0000000800000000)
  region size 2048K, 1 young (2048K), 1 survivors (2048K)
 Metaspace       used 6102K, capacity 6282K, committed 6528K, reserved 1056768K
  class space    used 506K, capacity 568K, committed 640K, reserved 1048576K
}
Event: 0.938 GC heap before
{Heap before GC invocations=16 (full 0):
 garbage-first heap   total 311296K, used 182167K [0x0000000705200000, 0x0000000800000000)
  region size 2048K, 5 young (10240K), 1 survivors (2048K)
 Metaspace       used 6105K, capacity 6282K, committed 6528K, reserved 1056768K
  class space    used 506K, capacity 568K, committed 640K, reserved 1048576K
}
Event: 0.940 GC heap after
{Heap after GC invocations=17 (full 0):
 garbage-first heap   total 311296K, used 175983K [0x0000000705200000, 0x0000000800000000)
  region size 2048K, 1 young (2048K), 1 survivors (2048K)
 Metaspace       used 6105K, capacity 6282K, committed 6528K, reserved 1056768K
  class space    used 506K, capacity 568K, committed 640K, reserved 1048576K
}
Event: 0.961 GC heap before
{Heap before GC invocations=18 (full 0):
 garbage-first heap   total 311296K, used 190319K [0x0000000705200000, 0x0000000800000000)
  region size 2048K, 5 young (10240K), 1 survivors (2048K)
 Metaspace       used 6106K, capacity 6282K, committed 6528K, reserved 1056768K
  class space    used 506K, capacity 568K, committed 640K, reserved 1048576K
}
Event: 0.963 GC heap after
{Heap after GC invocations=19 (full 0):
 garbage-first heap   total 374784K, used 184135K [0x0000000705200000, 0x0000000800000000)
  region size 2048K, 1 young (2048K), 1 survivors (2048K)
 Metaspace       used 6106K, capacity 6282K, committed 6528K, reserved 1056768K
  class space    used 506K, capacity 568K, committed 640K, reserved 1048576K
}
Event: 0.986 GC heap before
{Heap before GC invocations=20 (full 0):
 garbage-first heap   total 374784K, used 198471K [0x0000000705200000, 0x0000000800000000)
  region size 2048K, 5 young (10240K), 1 survivors (2048K)
 Metaspace       used 6109K, capacity 6282K, committed 6528K, reserved 1056768K
  class space    used 506K, capacity 568K, committed 640K, reserved 1048576K
}
Event: 0.988 GC heap after
{Heap after GC invocations=21 (full 0):
 garbage-first heap   total 374784K, used 192355K [0x0000000705200000, 0x0000000800000000)
  region size 2048K, 1 young (2048K), 1 survivors (2048K)
 Metaspace       used 6109K, capacity 6282K, committed 6528K, reserved 1056768K
  class space    used 506K, capacity 568K, committed 640K, reserved 1048576K
}

